2025-08-25T20:54:44.056+03:00  INFO 12200 --- [springnews-api] [main] by.mosquitto.SpringnewsApiApplication    : Starting SpringnewsApiApplication using Java 21.0.4 with PID 12200 (D:\java\! My e-commerce projects\springnews-api\target\classes started by 37525 in D:\java\! My e-commerce projects\springnews-api)
2025-08-25T20:54:44.059+03:00  INFO 12200 --- [springnews-api] [main] by.mosquitto.SpringnewsApiApplication    : No active profile set, falling back to 1 default profile: "default"
2025-08-25T20:54:44.918+03:00  INFO 12200 --- [springnews-api] [main] .s.d.r.c.RepositoryConfigurationDelegate : Bootstrapping Spring Data JPA repositories in DEFAULT mode.
2025-08-25T20:54:44.994+03:00  INFO 12200 --- [springnews-api] [main] .s.d.r.c.RepositoryConfigurationDelegate : Finished Spring Data repository scanning in 65 ms. Found 3 JPA repository interfaces.
2025-08-25T20:54:45.613+03:00  INFO 12200 --- [springnews-api] [main] o.s.b.w.embedded.tomcat.TomcatWebServer  : Tomcat initialized with port 8080 (http)
2025-08-25T20:54:45.627+03:00  INFO 12200 --- [springnews-api] [main] o.apache.catalina.core.StandardService   : Starting service [Tomcat]
2025-08-25T20:54:45.627+03:00  INFO 12200 --- [springnews-api] [main] o.apache.catalina.core.StandardEngine    : Starting Servlet engine: [Apache Tomcat/10.1.43]
2025-08-25T20:54:45.691+03:00  INFO 12200 --- [springnews-api] [main] o.a.c.c.C.[Tomcat].[localhost].[/]       : Initializing Spring embedded WebApplicationContext
2025-08-25T20:54:45.691+03:00  INFO 12200 --- [springnews-api] [main] w.s.c.ServletWebServerApplicationContext : Root WebApplicationContext: initialization completed in 1590 ms
2025-08-25T20:54:45.891+03:00  INFO 12200 --- [springnews-api] [main] o.hibernate.jpa.internal.util.LogHelper  : HHH000204: Processing PersistenceUnitInfo [name: default]
2025-08-25T20:54:45.961+03:00  INFO 12200 --- [springnews-api] [main] org.hibernate.Version                    : HHH000412: Hibernate ORM core version 6.6.22.Final
2025-08-25T20:54:46.008+03:00  INFO 12200 --- [springnews-api] [main] o.h.c.internal.RegionFactoryInitiator    : HHH000026: Second-level cache disabled
2025-08-25T20:54:46.318+03:00  INFO 12200 --- [springnews-api] [main] o.s.o.j.p.SpringPersistenceUnitInfo      : No LoadTimeWeaver setup: ignoring JPA class transformer
2025-08-25T20:54:46.351+03:00  INFO 12200 --- [springnews-api] [main] com.zaxxer.hikari.HikariDataSource       : HikariPool-1 - Starting...
2025-08-25T20:54:46.524+03:00  INFO 12200 --- [springnews-api] [main] com.zaxxer.hikari.pool.HikariPool        : HikariPool-1 - Added connection org.postgresql.jdbc.PgConnection@13d984ee
2025-08-25T20:54:46.527+03:00  INFO 12200 --- [springnews-api] [main] com.zaxxer.hikari.HikariDataSource       : HikariPool-1 - Start completed.
2025-08-25T20:54:46.573+03:00  WARN 12200 --- [springnews-api] [main] org.hibernate.orm.deprecation            : HHH90000025: PostgreSQLDialect does not need to be specified explicitly using 'hibernate.dialect' (remove the property setting and it will be selected by default)
2025-08-25T20:54:46.602+03:00  INFO 12200 --- [springnews-api] [main] org.hibernate.orm.connections.pooling    : HHH10001005: Database info:
	Database JDBC URL [Connecting through datasource 'HikariDataSource (HikariPool-1)']
	Database driver: undefined/unknown
	Database version: 15.14
	Autocommit mode: undefined/unknown
	Isolation level: undefined/unknown
	Minimum pool size: undefined/unknown
	Maximum pool size: undefined/unknown
2025-08-25T20:54:47.677+03:00  INFO 12200 --- [springnews-api] [main] o.h.e.t.j.p.i.JtaPlatformInitiator       : HHH000489: No JTA platform available (set 'hibernate.transaction.jta.platform' to enable JTA platform integration)
2025-08-25T20:54:47.681+03:00  INFO 12200 --- [springnews-api] [main] j.LocalContainerEntityManagerFactoryBean : Initialized JPA EntityManagerFactory for persistence unit 'default'
2025-08-25T20:54:48.034+03:00  INFO 12200 --- [springnews-api] [main] o.s.d.j.r.query.QueryEnhancerFactory     : Hibernate is in classpath; If applicable, HQL parser will be used.
2025-08-25T20:54:48.859+03:00  WARN 12200 --- [springnews-api] [main] JpaBaseConfiguration$JpaWebConfiguration : spring.jpa.open-in-view is enabled by default. Therefore, database queries may be performed during view rendering. Explicitly configure spring.jpa.open-in-view to disable this warning
2025-08-25T20:54:49.098+03:00  WARN 12200 --- [springnews-api] [main] .s.s.UserDetailsServiceAutoConfiguration : 

Using generated security password: eb6ee4bf-1325-4fa8-b545-d183ea06e13d

This generated password is for development use only. Your security configuration must be updated before running your application in production.

2025-08-25T20:54:49.105+03:00  INFO 12200 --- [springnews-api] [main] r$InitializeUserDetailsManagerConfigurer : Global AuthenticationManager configured with UserDetailsService bean with name inMemoryUserDetailsManager
2025-08-25T20:54:49.368+03:00  WARN 12200 --- [springnews-api] [main] ion$DefaultTemplateResolverConfiguration : Cannot find template location: classpath:/templates/ (please add some templates, check your Thymeleaf configuration, or set spring.thymeleaf.check-template-location=false)
2025-08-25T20:54:49.556+03:00  INFO 12200 --- [springnews-api] [main] o.s.b.w.embedded.tomcat.TomcatWebServer  : Tomcat started on port 8080 (http) with context path '/'
2025-08-25T20:54:49.562+03:00  INFO 12200 --- [springnews-api] [main] by.mosquitto.SpringnewsApiApplication    : Started SpringnewsApiApplication in 6.055 seconds (process running for 6.937)
2025-08-25T20:55:11.099+03:00  INFO 12200 --- [springnews-api] [http-nio-8080-exec-2] o.a.c.c.C.[Tomcat].[localhost].[/]       : Initializing Spring DispatcherServlet 'dispatcherServlet'
2025-08-25T20:55:11.099+03:00  INFO 12200 --- [springnews-api] [http-nio-8080-exec-2] o.s.web.servlet.DispatcherServlet        : Initializing Servlet 'dispatcherServlet'
2025-08-25T20:55:11.101+03:00  INFO 12200 --- [springnews-api] [http-nio-8080-exec-2] o.s.web.servlet.DispatcherServlet        : Completed initialization in 2 ms
2025-08-25T20:55:11.171+03:00  INFO 12200 --- [springnews-api] [http-nio-8080-exec-2] by.mosquitto.api.UserController          : GET /api/users — fetch all users
2025-08-25T20:55:57.330+03:00  INFO 12200 --- [springnews-api] [http-nio-8080-exec-5] by.mosquitto.api.UserController          : GET /api/users/2 — fetch user by ID
2025-08-25T20:55:57.333+03:00  INFO 12200 --- [springnews-api] [http-nio-8080-exec-5] b.mosquitto.service.UserServiceManager   : Fetching user by id=2
2025-08-25T20:57:35.930+03:00  INFO 12200 --- [springnews-api] [http-nio-8080-exec-8] by.mosquitto.api.NewsController          : GET /api/news/paged — page=1, size=5, sortBy=creationDate, direction=desc
2025-08-25T20:57:35.968+03:00  WARN 12200 --- [springnews-api] [http-nio-8080-exec-8] ration$PageModule$WarningLoggingModifier : Serializing PageImpl instances as-is is not supported, meaning that there is no guarantee about the stability of the resulting JSON structure!
	For a stable JSON structure, please use Spring Data's PagedModel (globally via @EnableSpringDataWebSupport(pageSerializationMode = VIA_DTO))
	or Spring HATEOAS and Spring Data's PagedResourcesAssembler as documented in https://docs.spring.io/spring-data/commons/reference/repositories/core-extensions.html#core.web.pageables.

2025-08-25T20:58:01.567+03:00  INFO 12200 --- [springnews-api] [http-nio-8080-exec-9] by.mosquitto.api.NewsController          : GET /api/news/3/with-comments-paged — page=0, size=5, sortBy=creationDate, direction=desc
2025-08-25T20:58:01.567+03:00  INFO 12200 --- [springnews-api] [http-nio-8080-exec-9] b.mosquitto.service.NewsServiceManager   : Fetching news with comments: newsId=3, page=0, size=5
2025-08-25T20:58:20.412+03:00  INFO 12200 --- [springnews-api] [SpringApplicationShutdownHook] o.s.b.w.e.tomcat.GracefulShutdown        : Commencing graceful shutdown. Waiting for active requests to complete
2025-08-25T20:58:20.417+03:00  INFO 12200 --- [springnews-api] [tomcat-shutdown] o.s.b.w.e.tomcat.GracefulShutdown        : Graceful shutdown complete
2025-08-25T20:58:20.422+03:00  INFO 12200 --- [springnews-api] [SpringApplicationShutdownHook] j.LocalContainerEntityManagerFactoryBean : Closing JPA EntityManagerFactory for persistence unit 'default'
2025-08-25T20:58:20.423+03:00  INFO 12200 --- [springnews-api] [SpringApplicationShutdownHook] com.zaxxer.hikari.HikariDataSource       : HikariPool-1 - Shutdown initiated...
2025-08-25T20:58:20.429+03:00  INFO 12200 --- [springnews-api] [SpringApplicationShutdownHook] com.zaxxer.hikari.HikariDataSource       : HikariPool-1 - Shutdown completed.
